{"/Users/jongonzalez/Developer/todo-react-node-ts/backend/user-service/src/controllers/account/index.ts": {"path":"/Users/jongonzalez/Developer/todo-react-node-ts/backend/user-service/src/controllers/account/index.ts","statementMap":{"0":{"start":{"line":2,"column":0},"end":{"line":2,"column":30}},"1":{"start":{"line":3,"column":0},"end":{"line":3,"column":31}},"2":{"start":{"line":4,"column":0},"end":{"line":4,"column":37}},"3":{"start":{"line":7,"column":15},"end":{"line":22,"column":1}},"4":{"start":{"line":8,"column":20},"end":{"line":8,"column":58}},"5":{"start":{"line":10,"column":2},"end":{"line":21,"column":3}},"6":{"start":{"line":11,"column":25},"end":{"line":11,"column":53}},"7":{"start":{"line":13,"column":4},"end":{"line":18,"column":5}},"8":{"start":{"line":14,"column":21},"end":{"line":14,"column":35}},"9":{"start":{"line":15,"column":6},"end":{"line":15,"column":20}},"10":{"start":{"line":17,"column":6},"end":{"line":17,"column":50}},"11":{"start":{"line":20,"column":4},"end":{"line":20,"column":16}},"12":{"start":{"line":25,"column":22},"end":{"line":33,"column":1}},"13":{"start":{"line":26,"column":18},"end":{"line":28,"column":4}},"14":{"start":{"line":30,"column":28},"end":{"line":30,"column":66}},"15":{"start":{"line":32,"column":2},"end":{"line":32,"column":59}},"16":{"start":{"line":35,"column":21},"end":{"line":58,"column":2}},"17":{"start":{"line":35,"column":59},"end":{"line":58,"column":2}},"18":{"start":{"line":36,"column":33},"end":{"line":36,"column":41}},"19":{"start":{"line":38,"column":2},"end":{"line":57,"column":3}},"20":{"start":{"line":39,"column":17},"end":{"line":39,"column":49}},"21":{"start":{"line":41,"column":4},"end":{"line":43,"column":5}},"22":{"start":{"line":42,"column":6},"end":{"line":42,"column":68}},"23":{"start":{"line":45,"column":26},"end":{"line":45,"column":71}},"24":{"start":{"line":47,"column":4},"end":{"line":49,"column":5}},"25":{"start":{"line":48,"column":6},"end":{"line":48,"column":68}},"26":{"start":{"line":51,"column":18},"end":{"line":51,"column":41}},"27":{"start":{"line":53,"column":4},"end":{"line":53,"column":61}},"28":{"start":{"line":55,"column":4},"end":{"line":55,"column":41}},"29":{"start":{"line":56,"column":4},"end":{"line":56,"column":61}},"30":{"start":{"line":35,"column":13},"end":{"line":35,"column":21}},"31":{"start":{"line":60,"column":24},"end":{"line":84,"column":2}},"32":{"start":{"line":60,"column":62},"end":{"line":84,"column":2}},"33":{"start":{"line":61,"column":33},"end":{"line":61,"column":41}},"34":{"start":{"line":63,"column":2},"end":{"line":83,"column":3}},"35":{"start":{"line":64,"column":25},"end":{"line":64,"column":57}},"36":{"start":{"line":66,"column":4},"end":{"line":68,"column":5}},"37":{"start":{"line":67,"column":6},"end":{"line":67,"column":64}},"38":{"start":{"line":70,"column":27},"end":{"line":70,"column":58}},"39":{"start":{"line":72,"column":20},"end":{"line":75,"column":6}},"40":{"start":{"line":77,"column":4},"end":{"line":77,"column":25}},"41":{"start":{"line":79,"column":4},"end":{"line":79,"column":54}},"42":{"start":{"line":81,"column":4},"end":{"line":81,"column":45}},"43":{"start":{"line":82,"column":4},"end":{"line":82,"column":61}},"44":{"start":{"line":60,"column":13},"end":{"line":60,"column":24}},"45":{"start":{"line":86,"column":22},"end":{"line":88,"column":2}},"46":{"start":{"line":86,"column":60},"end":{"line":88,"column":2}},"47":{"start":{"line":87,"column":2},"end":{"line":87,"column":57}},"48":{"start":{"line":86,"column":13},"end":{"line":86,"column":22}},"49":{"start":{"line":90,"column":27},"end":{"line":104,"column":2}},"50":{"start":{"line":90,"column":65},"end":{"line":104,"column":2}},"51":{"start":{"line":91,"column":16},"end":{"line":91,"column":41}},"52":{"start":{"line":93,"column":2},"end":{"line":95,"column":3}},"53":{"start":{"line":94,"column":4},"end":{"line":94,"column":62}},"54":{"start":{"line":97,"column":23},"end":{"line":97,"column":36}},"55":{"start":{"line":99,"column":2},"end":{"line":101,"column":3}},"56":{"start":{"line":100,"column":4},"end":{"line":100,"column":58}},"57":{"start":{"line":102,"column":2},"end":{"line":102,"column":null}},"58":{"start":{"line":103,"column":2},"end":{"line":103,"column":49}},"59":{"start":{"line":90,"column":13},"end":{"line":90,"column":27}}},"fnMap":{"0":{"name":"(anonymous_8)","decl":{"start":{"line":7,"column":15},"end":{"line":7,"column":16}},"loc":{"start":{"line":7,"column":33},"end":{"line":22,"column":1}}},"1":{"name":"(anonymous_9)","decl":{"start":{"line":25,"column":22},"end":{"line":25,"column":23}},"loc":{"start":{"line":25,"column":41},"end":{"line":33,"column":1}}},"2":{"name":"(anonymous_10)","decl":{"start":{"line":35,"column":21},"end":{"line":35,"column":28}},"loc":{"start":{"line":35,"column":59},"end":{"line":58,"column":2}}},"3":{"name":"(anonymous_11)","decl":{"start":{"line":35,"column":59},"end":{"line":35,"column":null}},"loc":{"start":{"line":35,"column":59},"end":{"line":58,"column":1}}},"4":{"name":"(anonymous_12)","decl":{"start":{"line":60,"column":24},"end":{"line":60,"column":31}},"loc":{"start":{"line":60,"column":62},"end":{"line":84,"column":2}}},"5":{"name":"(anonymous_13)","decl":{"start":{"line":60,"column":62},"end":{"line":60,"column":null}},"loc":{"start":{"line":60,"column":62},"end":{"line":84,"column":1}}},"6":{"name":"(anonymous_14)","decl":{"start":{"line":86,"column":22},"end":{"line":86,"column":29}},"loc":{"start":{"line":86,"column":60},"end":{"line":88,"column":2}}},"7":{"name":"(anonymous_15)","decl":{"start":{"line":86,"column":60},"end":{"line":86,"column":null}},"loc":{"start":{"line":86,"column":60},"end":{"line":88,"column":1}}},"8":{"name":"(anonymous_16)","decl":{"start":{"line":90,"column":27},"end":{"line":90,"column":34}},"loc":{"start":{"line":90,"column":65},"end":{"line":104,"column":2}}},"9":{"name":"(anonymous_17)","decl":{"start":{"line":90,"column":65},"end":{"line":90,"column":null}},"loc":{"start":{"line":90,"column":65},"end":{"line":104,"column":1}}}},"branchMap":{"0":{"loc":{"start":{"line":13,"column":4},"end":{"line":18,"column":5}},"type":"if","locations":[{"start":{"line":13,"column":4},"end":{"line":18,"column":5}},{"start":{"line":16,"column":11},"end":{"line":18,"column":5}}]},"1":{"loc":{"start":{"line":13,"column":8},"end":{"line":13,"column":69}},"type":"binary-expr","locations":[{"start":{"line":13,"column":8},"end":{"line":13,"column":15}},{"start":{"line":13,"column":19},"end":{"line":13,"column":46}},{"start":{"line":13,"column":50},"end":{"line":13,"column":69}}]},"2":{"loc":{"start":{"line":41,"column":4},"end":{"line":43,"column":5}},"type":"if","locations":[{"start":{"line":41,"column":4},"end":{"line":43,"column":5}}]},"3":{"loc":{"start":{"line":47,"column":4},"end":{"line":49,"column":5}},"type":"if","locations":[{"start":{"line":47,"column":4},"end":{"line":49,"column":5}}]},"4":{"loc":{"start":{"line":66,"column":4},"end":{"line":68,"column":5}},"type":"if","locations":[{"start":{"line":66,"column":4},"end":{"line":68,"column":5}}]},"5":{"loc":{"start":{"line":93,"column":2},"end":{"line":95,"column":3}},"type":"if","locations":[{"start":{"line":93,"column":2},"end":{"line":95,"column":3}}]},"6":{"loc":{"start":{"line":99,"column":2},"end":{"line":101,"column":3}},"type":"if","locations":[{"start":{"line":99,"column":2},"end":{"line":101,"column":3}}]}},"s":{"0":1,"1":1,"2":1,"3":1,"4":0,"5":0,"6":0,"7":0,"8":0,"9":0,"10":0,"11":0,"12":1,"13":1,"14":1,"15":1,"16":1,"17":2,"18":2,"19":2,"20":2,"21":2,"22":1,"23":1,"24":1,"25":0,"26":1,"27":1,"28":0,"29":0,"30":1,"31":1,"32":0,"33":0,"34":0,"35":0,"36":0,"37":0,"38":0,"39":0,"40":0,"41":0,"42":0,"43":0,"44":1,"45":1,"46":0,"47":0,"48":1,"49":1,"50":0,"51":0,"52":0,"53":0,"54":0,"55":0,"56":0,"57":0,"58":0,"59":1},"f":{"0":0,"1":1,"2":2,"3":2,"4":0,"5":0,"6":0,"7":0,"8":0,"9":0},"b":{"0":[0,0],"1":[0,0,0],"2":[1],"3":[0],"4":[0],"5":[0],"6":[0]}}
,"/Users/jongonzalez/Developer/todo-react-node-ts/backend/user-service/src/models/user.ts": {"path":"/Users/jongonzalez/Developer/todo-react-node-ts/backend/user-service/src/models/user.ts","statementMap":{"0":{"start":{"line":1,"column":0},"end":{"line":1,"column":54}},"1":{"start":{"line":8,"column":19},"end":{"line":11,"column":2}},"2":{"start":{"line":13,"column":13},"end":{"line":13,"column":62}},"3":{"start":{"line":15,"column":0},"end":{"line":15,"column":20}}},"fnMap":{},"branchMap":{},"s":{"0":1,"1":1,"2":1,"3":1},"f":{},"b":{}}
}
