TN:
SF:src/controllers/account/index.ts
FN:7,(anonymous_8)
FN:25,(anonymous_9)
FN:35,(anonymous_10)
FN:35,(anonymous_11)
FN:60,(anonymous_12)
FN:60,(anonymous_13)
FN:86,(anonymous_14)
FN:86,(anonymous_15)
FN:90,(anonymous_16)
FN:90,(anonymous_17)
FNF:10
FNH:3
FNDA:0,(anonymous_8)
FNDA:1,(anonymous_9)
FNDA:2,(anonymous_10)
FNDA:2,(anonymous_11)
FNDA:0,(anonymous_12)
FNDA:0,(anonymous_13)
FNDA:0,(anonymous_14)
FNDA:0,(anonymous_15)
FNDA:0,(anonymous_16)
FNDA:0,(anonymous_17)
DA:2,1
DA:3,1
DA:4,1
DA:7,1
DA:8,0
DA:10,0
DA:11,0
DA:13,0
DA:14,0
DA:15,0
DA:17,0
DA:20,0
DA:25,1
DA:26,1
DA:30,1
DA:32,1
DA:35,2
DA:36,2
DA:38,2
DA:39,2
DA:41,2
DA:42,1
DA:45,1
DA:47,1
DA:48,0
DA:51,1
DA:53,1
DA:55,0
DA:56,0
DA:60,1
DA:61,0
DA:63,0
DA:64,0
DA:66,0
DA:67,0
DA:70,0
DA:72,0
DA:77,0
DA:79,0
DA:81,0
DA:82,0
DA:86,1
DA:87,0
DA:90,1
DA:91,0
DA:93,0
DA:94,0
DA:97,0
DA:99,0
DA:100,0
DA:102,0
DA:103,0
LF:52
LH:21
BRDA:13,0,0,0
BRDA:13,0,1,0
BRDA:13,1,0,0
BRDA:13,1,1,0
BRDA:13,1,2,0
BRDA:41,2,0,1
BRDA:47,3,0,0
BRDA:66,4,0,0
BRDA:93,5,0,0
BRDA:99,6,0,0
BRF:10
BRH:1
end_of_record
TN:
SF:src/models/user.ts
FNF:0
FNH:0
DA:1,1
DA:8,1
DA:13,1
DA:15,1
LF:4
LH:4
BRF:0
BRH:0
end_of_record
